<?xml version="1.0" encoding="UTF-8"?>
<!-- Generated by org.testng.reporters.JUnitReportReporter -->
<testsuite hostname="DESKTOP-LI51MAN" failures="0" tests="2" name="POMDemo.LoginTest" time="20.455" errors="0" timestamp="2021-02-07T19:27:26 IST" skipped="0">
  <testcase classname="POMDemo.LoginTest" name="test02" time="7.137"/>
  <system-out/>
  <testcase classname="POMDemo.LoginTest" name="validLoginTest" time="13.318"/>
  <system-out/>
</testsuite> <!-- POMDemo.LoginTest -->
